TN:
SF:/home/awhite/dev/andywhite37/relude-url/lib/js/src/ReludeURL_Authority.bs.js
FN:11,make
FN:19,makeWithLabels
FN:27,fromHostname
FN:35,fromHostnameAndPort
FN:43,fromUsernameAndHostname
FN:51,fromCredentialsAndHostname
FN:59,fromUsernameHostnameAndPort
FN:67,fromCredentialsHostnameAndPort
FN:75,userInfo
FN:79,username
FN:80,(anonymous_10)
FN:85,password
FN:86,(anonymous_12)
FN:91,hostname
FN:95,port
FN:99,withUserInfo
FN:107,withUserInfoOpt
FN:115,withHostname
FN:123,withPort
FN:131,withPortOpt
FN:141,show
FN:142,(anonymous_21)
FN:144,(anonymous_22)
FNF:23
FNH:9
FNDA:15,make
FNDA:3,makeWithLabels
FNDA:2,fromHostname
FNDA:6,fromHostnameAndPort
FNDA:2,fromUsernameAndHostname
FNDA:2,fromCredentialsAndHostname
FNDA:0,fromUsernameHostnameAndPort
FNDA:0,fromCredentialsHostnameAndPort
FNDA:0,userInfo
FNDA:0,username
FNDA:0,(anonymous_10)
FNDA:0,password
FNDA:0,(anonymous_12)
FNDA:0,hostname
FNDA:0,port
FNDA:0,withUserInfo
FNDA:0,withUserInfoOpt
FNDA:0,withHostname
FNDA:0,withPort
FNDA:0,withPortOpt
FNDA:15,show
FNDA:7,(anonymous_21)
FNDA:9,(anonymous_22)
DA:4,1
DA:5,1
DA:6,1
DA:7,1
DA:8,1
DA:9,1
DA:12,15
DA:20,3
DA:28,2
DA:36,6
DA:44,2
DA:52,2
DA:60,0
DA:68,0
DA:76,0
DA:80,0
DA:81,0
DA:86,0
DA:87,0
DA:92,0
DA:96,0
DA:100,0
DA:108,0
DA:116,0
DA:124,0
DA:132,0
DA:139,1
DA:142,15
DA:143,7
DA:145,9
DA:149,1
DA:151,1
DA:153,1
DA:155,1
DA:157,1
DA:159,1
DA:161,1
DA:163,1
DA:164,1
DA:165,1
DA:166,1
DA:167,1
DA:168,1
DA:169,1
DA:170,1
DA:171,1
DA:172,1
DA:173,1
DA:174,1
DA:175,1
DA:176,1
DA:177,1
DA:178,1
DA:179,1
DA:180,1
DA:181,1
DA:182,1
DA:183,1
DA:184,1
DA:185,1
DA:186,1
DA:187,1
DA:188,1
DA:189,1
LF:64
LH:50
BRF:0
BRH:0
end_of_record
TN:
SF:/home/awhite/dev/andywhite37/relude-url/lib/js/src/ReludeURL_Fragment.bs.js
FN:8,make
FN:14,show
FNF:2
FNH:2
FNDA:6,make
FNDA:3,show
DA:4,1
DA:5,1
DA:6,1
DA:9,6
DA:12,1
DA:15,3
DA:18,1
DA:20,1
DA:22,1
DA:23,1
DA:24,1
DA:25,1
DA:26,1
LF:13
LH:13
BRF:0
BRH:0
end_of_record
TN:
SF:/home/awhite/dev/andywhite37/relude-url/lib/js/src/ReludeURL_Hostname.bs.js
FN:9,make
FN:21,show
FNF:2
FNH:2
FNDA:30,make
FNDA:15,show
DA:4,1
DA:5,1
DA:6,1
DA:7,1
DA:10,30
DA:13,1
DA:22,15
DA:25,1
DA:27,1
DA:29,1
DA:30,1
DA:31,1
DA:32,1
DA:33,1
LF:14
LH:14
BRF:0
BRH:0
end_of_record
TN:
SF:/home/awhite/dev/andywhite37/relude-url/lib/js/src/ReludeURL_Password.bs.js
FN:9,make
FN:18,show
FNF:2
FNH:2
FNDA:16,make
FNDA:5,show
DA:4,1
DA:5,1
DA:6,1
DA:7,1
DA:10,16
DA:13,1
DA:19,5
DA:22,1
DA:24,1
DA:26,1
DA:27,1
DA:28,1
DA:29,1
DA:30,1
LF:14
LH:14
BRF:0
BRH:0
end_of_record
TN:
SF:/home/awhite/dev/andywhite37/relude-url/lib/js/src/ReludeURL_Path.bs.js
FN:11,make
FN:15,(anonymous_1)
FN:19,show
FNF:3
FNH:3
FNDA:22,make
FNDA:15,(anonymous_1)
FNDA:15,show
DA:4,1
DA:5,1
DA:6,1
DA:7,1
DA:8,1
DA:9,1
DA:12,22
DA:15,1
DA:16,15
DA:20,15
DA:21,15
DA:22,7
DA:24,8
DA:28,1
DA:30,1
DA:32,1
DA:34,1
DA:36,1
DA:37,1
DA:38,1
DA:39,1
DA:40,1
DA:41,1
DA:42,1
LF:24
LH:24
BRDA:21,0,0,7
BRDA:21,0,1,8
BRF:2
BRH:2
end_of_record
TN:
SF:/home/awhite/dev/andywhite37/relude-url/lib/js/src/ReludeURL_PathSegment.bs.js
FN:9,make
FN:21,show
FNF:2
FNH:2
FNDA:28,make
FNDA:14,show
DA:4,1
DA:5,1
DA:6,1
DA:7,1
DA:10,28
DA:13,1
DA:22,14
DA:25,1
DA:27,1
DA:29,1
DA:30,1
DA:31,1
DA:32,1
DA:33,1
LF:14
LH:14
BRF:0
BRH:0
end_of_record
TN:
SF:/home/awhite/dev/andywhite37/relude-url/lib/js/src/ReludeURL_Port.bs.js
FN:8,make
FN:14,show
FNF:2
FNH:2
FNDA:18,make
FNDA:9,show
DA:4,1
DA:5,1
DA:6,1
DA:9,18
DA:12,1
DA:15,9
DA:18,1
DA:20,1
DA:22,1
DA:23,1
DA:24,1
DA:25,1
DA:26,1
LF:13
LH:13
BRF:0
BRH:0
end_of_record
TN:
SF:/home/awhite/dev/andywhite37/relude-url/lib/js/src/ReludeURL_Query.bs.js
FN:17,nextRank
FN:18,(anonymous_1)
FN:23,setValue
FN:28,get
FN:29,(anonymous_4)
FN:34,set
FN:35,(anonymous_6)
FN:41,(anonymous_7)
FN:50,append
FN:51,(anonymous_9)
FN:57,(anonymous_10)
FN:67,remove
FN:72,fromList
FN:73,(anonymous_13)
FN:78,fromArray
FN:82,toArray
FN:83,(anonymous_16)
FN:88,(anonymous_17)
FN:93,toList
FN:109,make$1
FN:113,empty
FN:117,fromList$1
FN:121,fromArray$1
FN:125,get$1
FN:129,getFirst
FN:133,set$1
FN:137,append$1
FN:141,appendKeyValues
FN:148,appendKeyValue
FN:158,remove$1
FN:164,show
FNF:31
FNH:13
FNDA:14,nextRank
FNDA:4,(anonymous_1)
FNDA:16,setValue
FNDA:0,get
FNDA:0,(anonymous_4)
FNDA:0,set
FNDA:0,(anonymous_6)
FNDA:0,(anonymous_7)
FNDA:16,append
FNDA:14,(anonymous_9)
FNDA:2,(anonymous_10)
FNDA:0,remove
FNDA:10,fromList
FNDA:16,(anonymous_13)
FNDA:0,fromArray
FNDA:5,toArray
FNDA:7,(anonymous_16)
FNDA:2,(anonymous_17)
FNDA:0,toList
FNDA:0,make$1
FNDA:0,empty
FNDA:10,fromList$1
FNDA:0,fromArray$1
FNDA:0,get$1
FNDA:0,getFirst
FNDA:0,set$1
FNDA:0,append$1
FNDA:0,appendKeyValues
FNDA:0,appendKeyValue
FNDA:0,remove$1
FNDA:5,show
DA:4,1
DA:5,1
DA:6,1
DA:7,1
DA:8,1
DA:9,1
DA:10,1
DA:11,1
DA:12,1
DA:13,1
DA:15,1
DA:18,14
DA:19,4
DA:24,16
DA:25,16
DA:29,0
DA:30,0
DA:35,0
DA:36,0
DA:42,0
DA:51,16
DA:52,14
DA:58,2
DA:59,2
DA:68,0
DA:69,0
DA:73,10
DA:74,16
DA:79,0
DA:83,5
DA:84,7
DA:89,2
DA:94,0
DA:97,1
DA:110,0
DA:114,0
DA:118,10
DA:122,0
DA:126,0
DA:130,0
DA:134,0
DA:138,0
DA:142,0
DA:149,0
DA:159,0
DA:162,1
DA:165,5
DA:168,1
DA:170,1
DA:172,1
DA:174,1
DA:176,1
DA:178,1
DA:179,1
DA:180,1
DA:181,1
DA:182,1
DA:183,1
DA:184,1
DA:185,1
DA:186,1
DA:187,1
DA:188,1
DA:189,1
DA:190,1
DA:191,1
DA:192,1
DA:193,1
DA:194,1
DA:195,1
DA:196,1
LF:71
LH:52
BRF:0
BRH:0
end_of_record
TN:
SF:/home/awhite/dev/andywhite37/relude-url/lib/js/src/ReludeURL_QueryKey.bs.js
FN:9,make
FN:18,show
FNF:2
FNH:2
FNDA:16,make
FNDA:41,show
DA:4,1
DA:5,1
DA:6,1
DA:7,1
DA:10,16
DA:13,1
DA:19,41
DA:22,1
DA:24,1
DA:26,1
DA:27,1
DA:28,1
DA:29,1
DA:30,1
LF:14
LH:14
BRF:0
BRH:0
end_of_record
TN:
SF:/home/awhite/dev/andywhite37/relude-url/lib/js/src/ReludeURL_QueryParam.bs.js
FN:11,make
FN:18,make1
FN:28,fromTuple
FN:35,fromTuple1
FN:47,show
FN:49,(anonymous_5)
FNF:6
FNH:4
FNDA:4,make
FNDA:12,make1
FNDA:0,fromTuple
FNDA:0,fromTuple1
FNDA:7,show
FNDA:9,(anonymous_5)
DA:4,1
DA:5,1
DA:6,1
DA:7,1
DA:8,1
DA:9,1
DA:12,4
DA:19,12
DA:29,0
DA:36,0
DA:45,1
DA:48,7
DA:49,7
DA:50,9
DA:54,1
DA:56,1
DA:58,1
DA:60,1
DA:62,1
DA:63,1
DA:64,1
DA:65,1
DA:66,1
DA:67,1
DA:68,1
DA:69,1
DA:70,1
DA:71,1
LF:28
LH:26
BRF:0
BRH:0
end_of_record
TN:
SF:/home/awhite/dev/andywhite37/relude-url/lib/js/src/ReludeURL_QueryValue.bs.js
FN:9,make
FN:21,show
FNF:2
FNH:2
FNDA:18,make
FNDA:9,show
DA:4,1
DA:5,1
DA:6,1
DA:7,1
DA:10,18
DA:13,1
DA:22,9
DA:25,1
DA:27,1
DA:29,1
DA:30,1
DA:31,1
DA:32,1
DA:33,1
LF:14
LH:14
BRF:0
BRH:0
end_of_record
TN:
SF:/home/awhite/dev/andywhite37/relude-url/lib/js/src/ReludeURL_Scheme.bs.js
FN:8,make
FN:26,show
FNF:2
FNH:2
FNDA:18,make
FNDA:15,show
DA:4,1
DA:5,1
DA:6,1
DA:9,18
DA:12,1
DA:27,15
DA:30,1
DA:32,1
DA:34,1
DA:35,1
DA:36,1
DA:37,1
DA:38,1
LF:13
LH:13
BRF:0
BRH:0
end_of_record
TN:
SF:/home/awhite/dev/andywhite37/relude-url/lib/js/src/ReludeURL_URI.bs.js
FN:13,make
FN:23,makeWithLabels
FN:27,scheme
FN:31,authority
FN:35,userInfo
FN:36,(anonymous_5)
FN:41,username
FN:42,(anonymous_7)
FN:47,password
FN:48,(anonymous_9)
FN:53,hostname
FN:54,(anonymous_11)
FN:59,port
FN:60,(anonymous_13)
FN:65,path
FN:69,pathSegments
FN:73,query
FN:77,fragment
FN:81,withScheme
FN:91,withAuthority
FN:101,withAuthorityOpt
FN:111,withPath
FN:121,withQuery
FN:131,withQueryOpt
FN:141,getQueryParam
FN:142,(anonymous_25)
FN:147,setQueryParam
FN:152,appendQueryParam
FN:157,removeQueryParam
FN:158,(anonymous_29)
FN:164,withFragment
FN:174,withFragmentOpt
FN:186,show
FN:187,(anonymous_33)
FN:189,(anonymous_34)
FN:191,(anonymous_35)
FNF:36
FNH:6
FNDA:30,make
FNDA:15,makeWithLabels
FNDA:0,scheme
FNDA:0,authority
FNDA:0,userInfo
FNDA:0,(anonymous_5)
FNDA:0,username
FNDA:0,(anonymous_7)
FNDA:0,password
FNDA:0,(anonymous_9)
FNDA:0,hostname
FNDA:0,(anonymous_11)
FNDA:0,port
FNDA:0,(anonymous_13)
FNDA:0,path
FNDA:0,pathSegments
FNDA:0,query
FNDA:0,fragment
FNDA:0,withScheme
FNDA:0,withAuthority
FNDA:0,withAuthorityOpt
FNDA:0,withPath
FNDA:0,withQuery
FNDA:0,withQueryOpt
FNDA:0,getQueryParam
FNDA:0,(anonymous_25)
FNDA:0,setQueryParam
FNDA:0,appendQueryParam
FNDA:0,removeQueryParam
FNDA:0,(anonymous_29)
FNDA:0,withFragment
FNDA:0,withFragmentOpt
FNDA:15,show
FNDA:15,(anonymous_33)
FNDA:5,(anonymous_34)
FNDA:3,(anonymous_35)
DA:4,1
DA:5,1
DA:6,1
DA:7,1
DA:8,1
DA:9,1
DA:10,1
DA:11,1
DA:14,30
DA:24,15
DA:28,0
DA:32,0
DA:36,0
DA:37,0
DA:42,0
DA:43,0
DA:48,0
DA:49,0
DA:54,0
DA:55,0
DA:60,0
DA:61,0
DA:66,0
DA:70,0
DA:74,0
DA:78,0
DA:82,0
DA:92,0
DA:102,0
DA:112,0
DA:122,0
DA:132,0
DA:142,0
DA:143,0
DA:148,0
DA:149,0
DA:153,0
DA:154,0
DA:158,0
DA:159,0
DA:161,0
DA:165,0
DA:175,0
DA:184,1
DA:187,15
DA:188,15
DA:190,5
DA:192,3
DA:196,1
DA:198,1
DA:200,1
DA:202,1
DA:204,1
DA:206,1
DA:208,1
DA:210,1
DA:212,1
DA:214,1
DA:216,1
DA:218,1
DA:220,1
DA:222,1
DA:224,1
DA:226,1
DA:228,1
DA:230,1
DA:231,1
DA:232,1
DA:233,1
DA:234,1
DA:235,1
DA:236,1
DA:237,1
DA:238,1
DA:239,1
DA:240,1
DA:241,1
DA:242,1
DA:243,1
DA:244,1
DA:245,1
DA:246,1
DA:247,1
DA:248,1
DA:249,1
DA:250,1
DA:251,1
DA:252,1
DA:253,1
DA:254,1
DA:255,1
DA:256,1
DA:257,1
DA:258,1
DA:259,1
DA:260,1
DA:261,1
DA:262,1
DA:263,1
DA:264,1
DA:265,1
DA:266,1
DA:267,1
DA:268,1
DA:269,1
DA:270,1
DA:271,1
DA:272,1
DA:273,1
LF:109
LH:76
BRF:0
BRH:0
end_of_record
TN:
SF:/home/awhite/dev/andywhite37/relude-url/lib/js/src/ReludeURL_UserInfo.bs.js
FN:10,make
FN:17,makeWithLabels
FN:24,fromUsername
FN:31,fromCredentials
FN:38,username
FN:42,password
FN:46,withUsername
FN:53,withPassword
FN:60,withPasswordOpt
FN:69,show
FN:70,(anonymous_10)
FNF:11
FNH:6
FNDA:15,make
FNDA:3,makeWithLabels
FNDA:2,fromUsername
FNDA:2,fromCredentials
FNDA:0,username
FNDA:0,password
FNDA:0,withUsername
FNDA:0,withPassword
FNDA:0,withPasswordOpt
FNDA:7,show
FNDA:5,(anonymous_10)
DA:4,1
DA:5,1
DA:6,1
DA:7,1
DA:8,1
DA:11,15
DA:18,3
DA:25,2
DA:32,2
DA:39,0
DA:43,0
DA:47,0
DA:54,0
DA:61,0
DA:67,1
DA:70,7
DA:71,5
DA:75,1
DA:77,1
DA:79,1
DA:81,1
DA:83,1
DA:84,1
DA:85,1
DA:86,1
DA:87,1
DA:88,1
DA:89,1
DA:90,1
DA:91,1
DA:92,1
DA:93,1
DA:94,1
DA:95,1
DA:96,1
DA:97,1
LF:36
LH:31
BRF:0
BRH:0
end_of_record
TN:
SF:/home/awhite/dev/andywhite37/relude-url/lib/js/src/ReludeURL_Username.bs.js
FN:9,make
FN:21,show
FNF:2
FNH:2
FNDA:22,make
FNDA:7,show
DA:4,1
DA:5,1
DA:6,1
DA:7,1
DA:10,22
DA:13,1
DA:22,7
DA:25,1
DA:27,1
DA:29,1
DA:30,1
DA:31,1
DA:32,1
DA:33,1
LF:14
LH:14
BRF:0
BRH:0
end_of_record
